Solutie cu UCS
Drum Solutie: 
Nr. Ordine 0
1 4 6
2 5 7
9 0 3


Nr. Ordine 3
1 4 6
2 5 7
9 3 0


Nr. Ordine 10
1 4 6
2 0 7
9 3 5


Nr. Ordine 56
1 4 6
2 3 7
9 0 5


Nr. Ordine 196
1 4 6
2 3 7
0 9 5


Nr. Ordine 617
1 4 6
2 0 7
3 9 5


Nr. Ordine 2737
1 4 6
2 5 7
3 9 0


Cost:  9
Lungime:  7
Numar total noduri calculate: 16318 noduri
Maximul de noduri din memorie: 16318
Timp Solutie: 6.110363483428955 secunde
Matricea de restrictie:
[[1838, 2209, 1838], [2464, 3974, 2464], [1844, 2232, 1844]]

----------------

==============

Solutie cu A* prima euristica
Drum Solutie: 
Nr. Ordine 0
1 4 6
2 5 7
9 0 3


Nr. Ordine 4
1 4 6
2 0 7
9 5 3


Nr. Ordine 110
1 0 6
2 4 7
9 5 3


Nr. Ordine 118
1 2 6
0 4 7
9 5 3


Nr. Ordine 119
1 2 6
4 0 7
9 5 3


Nr. Ordine 123
1 2 6
4 7 0
9 5 3


Nr. Ordine 145
1 2 6
4 7 3
9 5 0


Nr. Ordine 148
1 2 6
4 7 3
9 0 5


Nr. Ordine 1008
1 2 6
4 7 3
0 9 5


Nr. Ordine 1022
1 2 6
4 0 3
7 9 5


Nr. Ordine 1029
1 2 0
4 6 3
7 9 5


Nr. Ordine 15279
1 2 3
4 6 0
7 9 5


Nr. Ordine 15280
1 2 3
4 0 6
7 9 5


Nr. Ordine 15293
1 2 3
4 5 6
7 9 0


Cost:  17
Lungime:  14
Numar total noduri calculate: 15295 noduri
Maximul de noduri din memorie: 16318
Timp Solutie: 1.8088288307189941 secunde
Matricea de restrictie:
[[3337, 4217, 3305], [4866, 7567, 5222], [3528, 4686, 3496]]

----------------

Solutie cu A* a doua euristica
Execution timed out
==============

Solutie cu A* optimizat prima euristica
Drum Solutie:
Nr. Ordine 0
1 4 6
2 5 7
9 0 3


Nr. Ordine 4
1 4 6
2 0 7
9 5 3


Nr. Ordine 94
1 4 6
2 7 0
9 5 3


Nr. Ordine 130
1 4 6
2 7 3
9 5 0


Nr. Ordine 133
1 4 6
2 7 3
9 0 5


Nr. Ordine 303
1 4 6
2 7 3
0 9 5


Nr. Ordine 308
1 4 6
2 0 3
7 9 5


Nr. Ordine 309
1 4 6
0 2 3
7 9 5


Nr. Ordine 346
1 0 6
4 2 3
7 9 5


Nr. Ordine 350
1 3 6
4 2 0
7 9 5


Nr. Ordine 4641
1 3 0
4 2 6
7 9 5


Nr. Ordine 4650
1 0 3
4 2 6
7 9 5


Nr. Ordine 4653
1 2 3
4 0 6
7 9 5


Nr. Ordine 4659
1 2 3
4 5 6
7 9 0


Cost:  17
Lungime:  14
Numar total noduri calculate: 4661 noduri
Maximul de noduri din memorie: 23361
Timp Solutie: 0.8044826984405518 secunde
Matricea de restrictie:
[[6408, 8647, 6358], [9503, 13636, 9482], [6515, 8693, 6465]]

----------------

Solutie cu A* optimizat a doua euristica
Drum Solutie:
Nr. Ordine 0
1 4 6
2 5 7
9 0 3


Nr. Ordine 3
1 4 6
2 5 7
9 3 0


Nr. Ordine 41
1 4 6
2 0 7
9 3 5


Nr. Ordine 58
1 4 6
2 3 7
9 0 5


Nr. Ordine 216
1 4 6
2 3 7
0 9 5


Nr. Ordine 425
1 4 6
2 0 7
3 9 5


Nr. Ordine 2942
1 4 6
2 5 7
3 9 0


Cost:  9
Lungime:  7
Numar total noduri calculate: 11393 noduri
Maximul de noduri din memorie: 23361
Timp Solutie: 4.617204904556274 secunde
Matricea de restrictie:
[[7534, 10722, 7485], [11512, 16345, 11160], [7640, 10317, 7591]]

----------------

==============

Solutie cu IDA* prima euristica
Drum Solutie: 
Nr. Ordine 0
1 4 6
2 5 7
9 0 3


Nr. Ordine 4
1 4 6
2 0 7
9 5 3


Nr. Ordine 2
1 4 6
0 2 7
9 5 3


Nr. Ordine 5
1 0 6
4 2 7
9 5 3


Nr. Ordine 4
1 2 6
4 0 7
9 5 3


Nr. Ordine 3
1 2 6
4 7 0
9 5 3


Nr. Ordine 3
1 2 6
4 7 3
9 5 0


Nr. Ordine 2
1 2 6
4 7 3
9 0 5


Nr. Ordine 2
1 2 6
4 7 3
0 9 5


Nr. Ordine 3
1 2 6
4 0 3
7 9 5


Nr. Ordine 3
1 2 6
4 3 0
7 9 5


Nr. Ordine 2
1 2 0
4 3 6
7 9 5


Nr. Ordine 3
1 2 3
4 0 6
7 9 5


Nr. Ordine 6
1 2 3
4 5 6
7 9 0


Cost:  17
Lungime:  14
Numar total noduri calculate: 7 noduri
Maximul de noduri din memorie: 23361
Timp Solutie: 0.17979645729064941 secunde
Matricea de restrictie:
[[8650, 12159, 8582], [13338, 18976, 13160], [8888, 12184, 8820]]
Limita:  18

----------------

Solutie cu IDA* a doua euristica
Drum Solutie: 
Nr. Ordine 0
1 4 6
2 5 7
9 0 3


Nr. Ordine 3
1 4 6
2 5 7
9 3 0


Nr. Ordine 2
1 4 6
2 5 0
9 3 7


Nr. Ordine 2
1 4 6
2 0 5
9 3 7


Nr. Ordine 4
1 4 6
2 3 5
9 0 7


Nr. Ordine 2
1 4 6
2 3 5
0 9 7


Nr. Ordine 3
1 4 6
2 0 5
3 9 7


Nr. Ordine 3
1 4 6
2 5 0
3 9 7


Nr. Ordine 3
1 4 6
2 5 7
3 9 0


Cost:  9
Lungime:  9
Numar total noduri calculate: 2 noduri
Maximul de noduri din memorie: 23361
Timp Solutie: 0.5021405220031738 secunde
Matricea de restrictie:
[[12213, 17289, 12088], [18630, 26229, 17827], [12362, 16713, 12237]]
Limita:  9

----------------

